mode: set
go_test/Queue.go:21.32,28.2 1 1
go_test/Queue.go:31.34,32.17 1 1
go_test/Queue.go:32.17,35.3 2 1
go_test/Queue.go:36.2,37.35 2 1
go_test/Queue.go:41.24,42.18 1 1
go_test/Queue.go:42.18,45.3 2 1
go_test/Queue.go:46.2,46.37 1 1
go_test/Queue.go:50.38,51.18 1 1
go_test/Queue.go:51.18,53.3 1 1
go_test/Queue.go:54.2,54.28 1 1
go_test/Queue.go:58.33,60.2 1 1
go_test/Queue.go:63.32,65.2 1 1
go_test/Queue.go:68.26,69.18 1 1
go_test/Queue.go:69.18,72.3 2 1
go_test/Queue.go:74.2,75.57 2 1
go_test/Queue.go:75.57,77.3 1 1
go_test/Queue.go:78.2,78.15 1 1
go_test/Queue.go:82.54,84.16 2 1
go_test/Queue.go:84.16,86.3 1 1
go_test/Queue.go:87.2,94.21 5 1
go_test/Queue.go:94.21,96.35 2 1
go_test/Queue.go:96.35,98.18 2 1
go_test/Queue.go:98.18,100.5 1 0
go_test/Queue.go:101.4,101.19 1 1
go_test/Queue.go:101.19,103.5 1 0
go_test/Queue.go:104.4,104.18 1 1
go_test/Queue.go:108.2,108.38 1 1
go_test/Queue.go:108.38,110.3 1 0
go_test/Queue.go:112.2,112.12 1 1
go_test/Queue.go:116.53,118.16 2 1
go_test/Queue.go:118.16,120.3 1 0
go_test/Queue.go:121.2,123.18 2 1
go_test/Queue.go:123.18,126.3 2 1
go_test/Queue.go:128.2,128.57 1 1
go_test/Queue.go:128.57,130.17 2 1
go_test/Queue.go:130.17,132.4 1 0
go_test/Queue.go:135.2,135.12 1 1
